<?xml version="1.0" encoding="UTF-8"?>
<testsuite name="test.LibroTest" tests="3" skipped="0" failures="0" errors="0" timestamp="2022-12-15T01:02:10" hostname="DESKTOP-76QJR7F" time="0.019">
  <properties/>
  <testcase name="testBuscarTitulo()" classname="test.LibroTest" time="0.016"/>
  <testcase name="testBuscarISBN()" classname="test.LibroTest" time="0.0"/>
  <testcase name="testBuscarAutor()" classname="test.LibroTest" time="0.001"/>
  <system-out><![CDATA[]]></system-out>
  <system-err><![CDATA[]]></system-err>
</testsuite>
